SF:lib/src/seqio/domain/entities/genbank/feature.dart
DA:16,13
DA:28,3
DA:29,3
DA:30,3
DA:31,3
DA:32,3
DA:33,3
DA:34,3
DA:35,3
DA:36,3
DA:37,3
DA:38,3
LF:12
LH:12
end_of_record
SF:lib/src/seqio/domain/entities/genbank/genbank.dart
DA:12,3
DA:18,2
DA:19,2
DA:20,2
DA:21,2
DA:22,2
LF:6
LH:6
end_of_record
SF:lib/src/seqio/domain/entities/genbank/location_position.dart
DA:5,13
LF:1
LH:1
end_of_record
SF:lib/src/seqio/domain/entities/genbank/locus.dart
DA:12,4
DA:22,3
DA:23,3
DA:24,3
DA:25,3
DA:26,3
DA:27,3
DA:28,3
DA:29,3
DA:30,3
LF:10
LH:10
end_of_record
SF:lib/src/seqio/domain/entities/genbank/locus_details.dart
DA:14,4
DA:24,3
DA:25,3
DA:26,3
DA:27,3
DA:28,3
DA:29,3
DA:30,3
DA:31,3
DA:32,3
LF:10
LH:10
end_of_record
SF:lib/src/seqio/domain/entities/genbank/reference.dart
DA:10,12
DA:18,3
DA:19,3
DA:20,3
DA:21,3
DA:22,3
DA:23,3
DA:24,3
LF:8
LH:8
end_of_record
SF:lib/src/seqio/infrastructure/genbank/feature/feature_additional.dart
DA:7,3
DA:11,3
DA:12,3
DA:15,3
DA:16,6
DA:17,6
DA:22,3
DA:28,3
DA:33,3
DA:37,3
DA:39,3
DA:43,3
DA:45,3
DA:49,3
DA:51,3
DA:55,3
DA:57,3
DA:67,6
LF:18
LH:18
end_of_record
SF:lib/src/seqio/infrastructure/genbank/feature/feature_additional_value.dart
DA:8,3
DA:16,6
DA:18,3
DA:19,3
DA:20,3
DA:21,3
DA:24,6
DA:25,6
DA:27,9
DA:28,15
DA:30,9
DA:31,15
DA:33,9
DA:34,15
DA:36,3
DA:37,6
DA:38,3
DA:39,9
LF:18
LH:18
end_of_record
SF:lib/src/seqio/infrastructure/genbank/feature/feature_typing.dart
DA:7,3
DA:12,3
DA:13,3
DA:14,3
DA:22,4
DA:27,4
DA:28,8
DA:29,4
LF:8
LH:8
end_of_record
SF:lib/src/seqio/infrastructure/genbank/feature/feature_dto.dart
DA:13,3
DA:17,3
DA:18,3
DA:19,3
DA:20,3
DA:21,3
DA:26,3
DA:27,3
DA:29,6
DA:30,3
DA:31,6
DA:32,3
DA:33,3
DA:34,3
DA:43,3
DA:45,3
DA:48,3
DA:50,3
DA:52,3
DA:53,3
DA:54,6
DA:55,6
DA:56,3
DA:58,3
DA:62,3
DA:63,3
DA:65,6
DA:70,3
DA:71,3
DA:72,3
DA:83,3
DA:86,3
DA:94,3
DA:95,3
DA:98,3
DA:99,3
DA:100,3
DA:105,3
DA:107,3
DA:108,3
DA:109,6
LF:41
LH:41
end_of_record
SF:lib/src/seqio/infrastructure/genbank/feature/feature_identifier.dart
DA:6,3
DA:7,3
DA:8,3
DA:9,3
DA:10,3
DA:11,6
DA:12,6
DA:16,3
LF:8
LH:8
end_of_record
SF:lib/src/seqio/infrastructure/genbank/feature/feature_location.dart
DA:5,4
DA:6,4
DA:7,1
DA:8,4
DA:10,4
DA:11,4
DA:13,4
DA:17,4
DA:23,8
DA:25,4
DA:26,4
DA:27,4
DA:37,4
DA:39,4
DA:40,8
DA:41,4
DA:42,4
DA:43,4
DA:44,16
DA:45,16
DA:50,4
DA:58,1
DA:60,1
DA:61,2
DA:62,1
DA:63,3
DA:65,2
DA:66,1
DA:68,1
DA:69,2
DA:70,2
DA:72,1
DA:75,1
DA:78,4
DA:79,4
DA:80,4
DA:82,4
LF:37
LH:37
end_of_record
SF:lib/src/seqio/infrastructure/genbank/feature/feature_sequence.dart
DA:7,3
DA:14,3
DA:15,3
DA:16,3
DA:18,3
DA:19,6
DA:21,6
DA:22,3
DA:23,3
DA:24,6
DA:26,6
DA:29,3
DA:30,9
DA:31,3
DA:32,6
DA:35,9
DA:41,4
DA:45,4
DA:47,4
DA:48,8
DA:49,2
DA:50,4
DA:51,4
LF:23
LH:23
end_of_record
SF:lib/src/seqio/infrastructure/genbank/genbank_repository_file.dart
DA:17,2
DA:19,2
DA:20,2
DA:21,2
DA:26,2
DA:27,2
DA:28,2
DA:32,2
DA:33,2
DA:34,4
DA:36,4
DA:37,2
DA:38,2
DA:39,4
DA:40,2
DA:45,4
DA:51,2
DA:54,1
DA:55,2
DA:57,1
DA:58,1
DA:59,2
DA:63,2
DA:64,2
DA:66,1
DA:70,1
DA:71,1
DA:72,1
DA:77,2
DA:79,2
DA:82,2
DA:84,2
DA:87,2
DA:89,2
DA:90,2
DA:98,6
DA:99,2
DA:100,2
DA:101,4
DA:105,4
DA:106,4
DA:108,2
DA:113,4
DA:116,4
DA:118,2
DA:119,4
DA:122,4
LF:47
LH:47
end_of_record
SF:lib/src/seqio/infrastructure/genbank/locus/locus_details_dto.dart
DA:8,3
DA:9,3
DA:10,3
DA:14,3
DA:17,3
DA:18,3
DA:19,3
DA:20,3
DA:21,3
DA:22,3
DA:23,3
DA:26,6
DA:27,3
DA:28,3
DA:29,6
DA:31,6
DA:34,6
DA:37,3
DA:39,3
DA:42,3
DA:47,3
DA:49,6
DA:50,3
DA:53,3
DA:55,3
DA:58,3
DA:60,3
DA:63,3
DA:65,3
DA:68,3
DA:70,3
DA:71,3
DA:78,3
DA:79,3
DA:80,3
DA:81,3
DA:82,3
DA:85,3
DA:88,3
DA:90,3
DA:93,3
DA:95,3
DA:98,3
DA:100,3
DA:103,3
DA:105,3
DA:110,3
DA:111,3
DA:118,3
DA:120,3
DA:121,3
DA:124,3
DA:125,3
DA:126,6
DA:127,3
DA:134,3
DA:141,3
DA:142,3
DA:143,3
DA:144,3
DA:145,3
DA:146,3
LF:62
LH:62
end_of_record
SF:lib/src/seqio/infrastructure/genbank/locus/locus_dto.dart
DA:6,3
DA:10,6
DA:12,3
DA:13,3
DA:14,6
DA:15,3
DA:16,3
DA:17,3
DA:18,6
LF:9
LH:9
end_of_record
SF:lib/genbank.dart
DA:10,1
DA:11,1
DA:12,1
DA:14,1
LF:4
LH:4
end_of_record
SF:lib/src/seqio/domain/usecases/genbank/genbank_open_file_usecase.dart
DA:12,2
DA:14,2
DA:16,4
DA:18,2
DA:19,6
DA:20,2
DA:21,4
DA:23,2
LF:8
LH:8
end_of_record
